1526567797033	geckodriver	INFO	geckodriver 0.20.1
1526567797049	geckodriver	INFO	Listening on 127.0.0.1:61291
1526567799959	mozrunner::runner	INFO	Running command: "C:\\Program Files\\Mozilla Firefox\\firefox.exe" "-marionette" "-profile" "C:\\Users\\LEONAR~1\\AppData\\Local\\Temp\\rust_mozprofile.026UR5tWR7AE"
Unable to read VR Path Registry from C:\Users\Leonardo Sensiate\AppData\Local\openvr\openvrpaths.vrpath
1526567801266	Marionette	INFO	Enabled via --marionette
Unable to read VR Path Registry from C:\Users\Leonardo Sensiate\AppData\Local\openvr\openvrpaths.vrpath
Unable to read VR Path Registry from C:\Users\Leonardo Sensiate\AppData\Local\openvr\openvrpaths.vrpath
Unable to read VR Path Registry from C:\Users\Leonardo Sensiate\AppData\Local\openvr\openvrpaths.vrpath
Unable to read VR Path Registry from C:\Users\Leonardo Sensiate\AppData\Local\openvr\openvrpaths.vrpath
1526567805934	Marionette	INFO	Listening on port 61299
1526567806266	Marionette	WARN	TLS certificate errors will be ignored for this session
[Child 3128, Chrome_ChildThread] WARNING: pipe error: 109: file z:/build/build/src/ipc/chromium/src/chrome/common/ipc_channel_win.cc, line 346
[Child 3128, Ch[Parent 11828, Gecko_IOThread] WARNING: pipe error: 109: file z:/build/build/src/ipc/chromium/src/chrome/common/ipc_channel_win.cc, line 346
[Child 7020, Chrome_ChildThread] WARNING: pipe error: 109: file z:/build/build/src/ipc/chromium/src/chrome/common/ipc_channel_win.cc, line 346
[Child 7020, Chrome_Chi*** UTM:SVC TimerManager:registerTimer called after profile-before-change notification. Ignoring timer registration for id: telemetry_modules_ping

###!!! [Child][MessageChannel::SendAndWait] Error: Channel error: cannot send/recv

1526567886829	geckodriver	INFO	geckodriver 0.20.1
1526567886845	geckodriver	INFO	Listening on 127.0.0.1:61529
1526567889796	mozrunner::runner	INFO	Running command: "C:\\Program Files\\Mozilla Firefox\\firefox.exe" "-marionette" "-profile" "C:\\Users\\LEONAR~1\\AppData\\Local\\Temp\\rust_mozprofile.PrYzKWy3oQ3J"
Unable to read VR Path Registry from C:\Users\Leonardo Sensiate\AppData\Local\openvr\openvrpaths.vrpath
1526567891028	Marionette	INFO	Enabled via --marionette
Unable to read VR Path Registry from C:\Users\Leonardo Sensiate\AppData\Local\openvr\openvrpaths.vrpath
Unable to read VR Path Registry from C:\Users\Leonardo Sensiate\AppData\Local\openvr\openvrpaths.vrpath
Unable to read VR Path Registry from C:\Users\Leonardo Sensiate\AppData\Local\openvr\openvrpaths.vrpath
Unable to read VR Path Registry from C:\Users\Leonardo Sensiate\AppData\Local\openvr\openvrpaths.vrpath
1526567894630	Marionette	INFO	Listening on port 61537
1526567895826	Marionette	WARN	TLS certificate errors will be ignored for this session
[Parent 12788, Gecko_IOThread] WARNING: pipe error: 109: file z:/build/build/src/ipc/chromium/src/chrome/common/ipc_channel_win.cc, line 346
[Child 10580, Chrome_ChildThread] WARNING: pipe error: 109: file z:/build/build/src/ipc/chromium/src/chrome/common/ipc_channel_win.cc, line 346
[Child 10580, Chro[Chi[Child 11008, Chrome_ChildThread] WARNING: pipe error: 109: file z:/build/build/src/ipc/chromium/src/chrome/common/ipc_channel_win.cc, line 346
[Child 11008, Chr*** UTM:SVC TimerManager:registerTimer called after profile-before-change notification. Ignoring timer registration for id: telemetry_modules_ping

###!!! [Child][MessageChannel::SendAndWait] Error: Channel error: cannot send/recv

1527022362725	geckodriver	INFO	geckodriver 0.20.1
1527022362756	geckodriver	INFO	Listening on 127.0.0.1:64080
1527022365678	mozrunner::runner	INFO	Running command: "C:\\Program Files\\Mozilla Firefox\\firefox.exe" "-marionette" "-profile" "C:\\Users\\LEONAR~1\\AppData\\Local\\Temp\\rust_mozprofile.dXsPGl8dBDfn"
Unable to read VR Path Registry from C:\Users\Leonardo Sensiate\AppData\Local\openvr\openvrpaths.vrpath
Unable to read VR Path Registry from C:\Users\Leonardo Sensiate\AppData\Local\openvr\openvrpaths.vrpath
Unable to read VR Path Registry from C:\Users\Leonardo Sensiate\AppData\Local\openvr\openvrpaths.vrpath
Unable to read VR Path Registry from C:\Users\Leonardo Sensiate\AppData\Local\openvr\openvrpaths.vrpath
Unable to read VR Path Registry from C:\Users\Leonardo Sensiate\AppData\Local\openvr\openvrpaths.vrpath
1527022373437	Marionette	INFO	Listening on port 64090
1527022373806	Marionette	WARN	TLS certificate errors will be ignored for this session
[Child 4120, Chrome_ChildThread] WARNING: pipe error: 109: file z:/build/build/src/ipc/chromium/src/chrome/common/ipc_channel_win.cc, line 346
[Child 4120[Child 8916, Chrome_ChildThread] WARNING: pipe error: 109: file z:/build/build/src/ipc/chromium/src/chrome/common/ipc_channel_win.cc, line 346
[Child 8916, Chrome_[Parent 8052, Gecko_IOThread] WARNING: pipe error: 109: file z:/build/build/src/ipc/chromium/src/chrome/common/ipc_channel_win.cc, line 346
[Child 9868, Chrome_ChildThread] WARNING: pipe error: 109: file z:/build/build/src/ipc/chromium/src/chrome/common/ipc_channel_win.cc, line 346
[Child 9868, 
###!!! [Child][MessageChannel::SendAndWait] Error: Channel error: cannot send/recv

\openvr\openvrpaths.vrpath
1527022450854	Marionette	INFO	Listening on port 64202
Unable to read VR Path Registry from C:\Users\Leonardo Sensiate\AppData\Local\openvr\openvrpaths.vrpath
1527022451040	Marionette	WARN	TLS certificate errors will be ignored for this session
[Parent 3276, Gecko_IOThread] WARNING: pipe error: 109: file z:/build/build/src/ipc/chromium/src/chrome/common/ipc_channel_win.cc, line 346
[Parent 3276, Gecko_IOThread] WARNING: pipe error: 109: file z:/build/build/src/ipc/chromium/src/chrome/common/ipc_channel_win.cc, line 346
[Child 11360, Chrome_ChildThread] WARNING: pipe error: 109: file z:/build/build/src/ipc/chromium/src/chrome/common/ipc_channel_win.cc, line 346
[Child 3180, Chrome[_ChildThread] WARNING: pipe error: 109: file z:/build/build/src/ipc/chromium/src/chrome/common/ipc_channel_win.cc, line 346
[Child 318[Parent 3276, Gecko_IOThread] WARNING: pipe error: 109: file z:/build/build/src/ipc/chromium/src/chrome/common/ipc_channel_win.cc, line 346
[Child 2444, Chrome_ChildThread] WARNING: pipe error: 109: file z:/build/build/src/ipc/chromium/src/chrome/common/ipc_channel_win.cc, line 346
[Child 24
###!!! [Child][MessageChannel::SendAndWait] Error: Channel error: cannot send/recv

1527022807714	geckodriver	INFO	geckodriver 0.20.1
1527022807730	geckodriver	INFO	Listening on 127.0.0.1:64317
1527022810668	mozrunner::runner	INFO	Running command: "C:\\Program Files\\Mozilla Firefox\\firefox.exe" "-marionette" "-profile" "C:\\Users\\LEONAR~1\\AppData\\Local\\Temp\\rust_mozprofile.dFmx3WxW7iBI"
Unable to read VR Path Registry from C:\Users\Leonardo Sensiate\AppData\Local\openvr\openvrpaths.vrpath
Unable to read VR Path Registry from C:\Users\Leonardo Sensiate\AppData\Local\openvr\openvrpaths.vrpath
Unable to read VR Path Registry from C:\Users\Leonardo Sensiate\AppData\Local\openvr\openvrpaths.vrpath
Unable to read VR Path Registry from C:\Users\Leonardo Sensiate\AppData\Local\openvr\openvrpaths.vrpath
1527022816510	Marionette	INFO	Listening on port 64325
Unable to read VR Path Registry from C:\Users\Leonardo Sensiate\AppData\Local\openvr\openvrpaths.vrpath
1527022817270	Marionette	WARN	TLS certificate errors will be ignored for this session
[Parent 11640, Gecko_IOThread] WARNING: pipe error: 109: file z:/build/build/src/ipc/chromium/src/chrome/common/ipc_channel_win.cc, line 346
[Child 11968, Chrome_ChildThread] WARNING: pipe error: 109: file z:/build/build/src/ipc/chromium/src/chrome/common/ipc_channel_win.cc, line 346
[Child 11968, Chr[Parent 11640, Gecko_IOThread] WARNING: pipe error: 109: file z:/build/build/src/ipc/chromium/src/chrome/common/ipc_channel_win.cc, line 346
[Child 2028, Chrome_ChildThread] WARNING: pipe error: 109: file z:/build/build/src/ipc/chromium/src/chrome/common/ipc_channel_win.cc, line 346
[Child 2028*** UTM:SVC TimerManager:registerTimer called after profile-before-change notification. Ignoring timer registration for id: telemetry_modules_ping

###!!! [Child][MessageChannel::SendAndWait] Error: Channel error: cannot send/recv

1527023091772	geckodriver	INFO	geckodriver 0.20.1
1527023091794	geckodriver	INFO	Listening on 127.0.0.1:64567
1527023094694	mozrunner::runner	INFO	Running command: "C:\\Program Files\\Mozilla Firefox\\firefox.exe" "-marionette" "-profile" "C:\\Users\\LEONAR~1\\AppData\\Local\\Temp\\rust_mozprofile.7lzY7axH1wOb"
Unable to read VR Path Registry from C:\Users\Leonardo Sensiate\AppData\Local\openvr\openvrpaths.vrpath
Unable to read VR Path Registry from C:\Users\Leonardo Sensiate\AppData\Local\openvr\openvrpaths.vrpath
Unable to read VR Path Registry from C:\Users\Leonardo Sensiate\AppData\Local\openvr\openvrpaths.vrpath
Unable to read VR Path Registry from C:\Users\Leonardo Sensiate\AppData\Local\openvr\openvrpaths.vrpath
Unable to read VR Path Registry from C:\Users\Leonardo Sensiate\AppData\Local\openvr\openvrpaths.vrpath
1527023099601	Marionette	INFO	Listening on port 64576
1527023100292	Marionette	WARN	TLS certificate errors will be ignored for this session
[Parent 7252, Gecko_IOThread] WARNING: pipe error: 109: file z:/build/build/src/ipc/chromium/src/chrome/common/ipc_channel_win.cc, line 346
[Child 5572, Chrome_ChildThread] WARNING: pipe error: 109: file z:/build/build/src/ipc/chromium/src/chrome/common/ipc_channel_win.cc, line 346
[Child 5572, Ch[Parent 7252, Gecko_IOThread] WARNING: pipe error: 109: file z:/build/build/src/ipc/chromium/src/chrome/common/ipc_channel_win.cc, line 346
[Child 4576, Chrome_ChildThread] WARNING: pipe error: 109: file z:/build/build/src/ipc/chromium/src/chrome/common/ipc_channel_win.cc, line 346
[Child 4576, C*** UTM:SVC TimerManager:registerTimer called after profile-before-change notification. Ignoring timer registration for id: telemetry_modules_ping

###!!! [Child][MessageChannel::SendAndWait] Error: Channel error: cannot send/recv

1550532621363	mozrunner::runner	INFO	Running command: "C:\\Program Files (x86)\\Mozilla Firefox\\firefox.exe" "-marionette" "-foreground" "-no-remote" "-profile" "C:\\Users\\User\\AppData\\Local\\Temp\\rust_mozprofile.kRbBGfa4kzz6"
1550532623289	addons.webextension.screenshots@mozilla.org	WARN	Loading extension 'screenshots@mozilla.org': Reading manifest: Invalid host permission: resource://pdf.js/
1550532623290	addons.webextension.screenshots@mozilla.org	WARN	Loading extension 'screenshots@mozilla.org': Reading manifest: Invalid host permission: about:reader*
1550532628307	Marionette	INFO	Listening on port 53891
1550532628547	Marionette	WARN	TLS certificate errors will be ignored for this session
[Parent 14312, Gecko_IOThread] WARNING: pipe error: 109: file z:/build/build/src/ipc/chromium/src/chrome/common/ipc_channel_win.cc, line 332
[Parent 14312, Gecko_IOThread] WARNING: pipe error: 109: file z:/build/build/src/ipc/chromium/src/chrome/common/ipc_channel_win.cc, line 332

###!!! [Child][MessageChannel] Error: (msgtype=0x5F0029,name=PNecko::Msg_RemoveRequestContext) Channel closing: too late to send/recv, messages will be lost

[Child 4324, Ch[Parent 14312, Gecko_IOThread] WARNING: pipe error: 109: file z:/build/build/src/ipc/chromium/src/chrome/common/ipc_channel_win.cc, line 332
[Child 4136, Chrome_ChildThread] WARNING: pipe error: 109: file z:/build/build/src/ipc/chromium/src/chrome/common/ipc_channel_win.cc, line 332
[Child1550532648072	Marionette	INFO	Stopped listening on port 53891
[GPU 3464, Chrome_ChildThread] WARNING: pipe error: 109: file z:/build/build/src/ipc/chromium/src/chrome/common/ipc_channel_win.cc, line 332

###!!! [Child][MessageChannel::SendAndWait] Error: Channel error: cannot send/recv

1553010573195	mozrunner::runner	INFO	Running command: "C:\\Program Files (x86)\\Mozilla Firefox\\firefox.exe" "-marionette" "-foreground" "-no-remote" "-profile" "C:\\Users\\User\\AppData\\Local\\Temp\\rust_mozprofile.PQJJIOcFcelH"
1553010574579	addons.webextension.screenshots@mozilla.org	WARN	Loading extension 'screenshots@mozilla.org': Reading manifest: Invalid host permission: resource://pdf.js/
1553010574579	addons.webextension.screenshots@mozilla.org	WARN	Loading extension 'screenshots@mozilla.org': Reading manifest: Invalid host permission: about:reader*
1553010577423	Marionette	INFO	Listening on port 54591
1553010577652	Marionette	WARN	TLS certificate errors will be ignored for this session
1553010589572	Marionette	INFO	Stopped listening on port 54591
[Child 6140, Chrome_ChildThread][Parent 4664, Gecko_IOThread] WARNING: pipe error: 109: file z:/build/build/src/ipc/chromium/src/chrome/common/ipc_channel_win.cc, line 332
[Child 8724, Chrome_ChildThread] WARNING: pipe error: 109: file z:/build/build/src/ipc/chromium/src/chrome/common/ipc_channel_win.cc, line 332
[Child 8724, Chrome_ChildThread] WARNING: pipe error: 109: file z:/build/build/src/ipc/chromium/src/chrome/common/ipc_channel_win.cc, line 332
[Parent 4664, Gecko_IOThread] WARNING: pipe error: 109: file z:/build/build/src/ipc/chromium/src/chrome/common/ipc_channel_win.cc, line 332
[Child 15792, Chrome_ChildThread] WARNING: pipe error: 109: file z:/build/build/src/ipc/chromium/src/chrome/common/ipc_channel_win.cc, line 332
[Child
###!!! [Child][RunMessage] Error: Channel closing: too late to send/recv, messages will be lost

[G
###!!! [Child][MessageChannel::SendAndWait] Error: Channel error: cannot send/recv

